<?xml version="1.0" encoding="UTF-8"?>
<!-- Generated by org.testng.reporters.JUnitXMLReporter -->
<testsuite hostname="eday" ignored="0" name="Firefox Test" tests="1" failures="0" timestamp="14 Apr 2018 22:19:55 GMT" time="0.032" errors="0">
  <testcase name="@BeforeTest openBrowser" time="0.0" classname="com.qa.tests.GoogleHomePageTest">
    <failure type="org.testng.TestNGException" message="
Can inject only one of &amp;lt;ITestContext, XmlTest&amp;gt; into a BeforeTest annotated openBrowser.
For more information on native dependency injection please refer to http://testng.org/doc/documentation-main.html#native-dependency-injection">
      <![CDATA[org.testng.TestNGException: 
Can inject only one of <ITestContext, XmlTest> into a BeforeTest annotated openBrowser.
For more information on native dependency injection please refer to http://testng.org/doc/documentation-main.html#native-dependency-injection
... Removed 21 stack frames]]>
    </failure>
  </testcase> <!-- @BeforeTest openBrowser -->
  <testcase name="@AfterTest closeBrowser" time="0.0" classname="com.qa.tests.GoogleHomePageTest">
    <skipped/>
  </testcase> <!-- @AfterTest closeBrowser -->
  <testcase name="verifyGooglePageTittle" time="0.004" classname="com.qa.tests.GoogleHomePageTest">
    <skipped/>
  </testcase> <!-- verifyGooglePageTittle -->
</testsuite> <!-- Firefox Test -->
