<?xml version="1.0" encoding="UTF-8"?>
<testsuite xmlns:xsi="http://www.w3.org/2001/XMLSchema-instance" xsi:noNamespaceSchemaLocation="https://maven.apache.org/surefire/maven-surefire-plugin/xsd/surefire-test-report.xsd" name="TestSuite" time="10.327" tests="7" errors="0" skipped="0" failures="0">
  <properties>
[...]
</properties>
  <testcase name="verifyGooglePageTittle" classname="com.qa.tests.GoogleHomePageTest" time="0.336"/>
  <testcase name="verifyGooglePageTittle" classname="com.qa.tests.GoogleHomePageTest" time="2.911"/>
  <testcase name="verifyGooglePageTittle" classname="com.qa.tests.GoogleHomePageTest" time="5.499"/>
  <testcase name="testOneHomePage" classname="com.qa.tests.HomePageTest" time="0"/>
  <testcase name="testTwoHomePage" classname="com.qa.tests.HomePageTest" time="0"/>
  <testcase name="testOne" classname="com.qa.tests.LoginTest" time="0"/>
  <testcase name="testTwo" classname="com.qa.tests.LoginTest" time="0"/>
</testsuite>