<?xml version="1.0" encoding="UTF-8"?>
<testng-results skipped="0" failed="0" ignored="0" total="1" passed="1">
  <reporter-output>
  </reporter-output>
  <suite name="GRID  example Suite" duration-ms="72910" started-at="2018-04-15T17:15:17Z" finished-at="2018-04-15T17:16:30Z">
    <groups>
    </groups>
    <test name="GRID TestCases" duration-ms="72910" started-at="2018-04-15T17:15:17Z" finished-at="2018-04-15T17:16:30Z">
      <class name="com.qa.tests.grid.GridExampleTest">
        <test-method status="PASS" signature="setUp()[pri:0, instance:com.qa.tests.grid.GridExampleTest@6a4f787b]" name="setUp" is-config="true" duration-ms="3334" started-at="2018-04-15T12:15:17Z" finished-at="2018-04-15T12:15:21Z">
          <reporter-output>
          </reporter-output>
        </test-method> <!-- setUp -->
        <test-method status="PASS" signature="testGooglePageTitleInIEBrowser()[pri:0, instance:com.qa.tests.grid.GridExampleTest@6a4f787b]" name="testGooglePageTitleInIEBrowser" duration-ms="69418" started-at="2018-04-15T12:15:21Z" finished-at="2018-04-15T12:16:30Z">
          <reporter-output>
          </reporter-output>
        </test-method> <!-- testGooglePageTitleInIEBrowser -->
        <test-method status="PASS" signature="closeBrowser()[pri:0, instance:com.qa.tests.grid.GridExampleTest@6a4f787b]" name="closeBrowser" is-config="true" duration-ms="138" started-at="2018-04-15T12:16:30Z" finished-at="2018-04-15T12:16:30Z">
          <reporter-output>
          </reporter-output>
        </test-method> <!-- closeBrowser -->
      </class> <!-- com.qa.tests.grid.GridExampleTest -->
    </test> <!-- GRID TestCases -->
  </suite> <!-- GRID  example Suite -->
</testng-results>
